# JRE version: Java(TM) SE Runtime Environment (8.0_201-b09) (build 1.8.0_201-b09)
# Java VM: Java HotSpot(TM) 64-Bit Server VM (25.201-b09 mixed mode linux-amd64 compressed oops)
Heap:
 PSYoungGen      total 74752K, used 4164K [0x000000076d100000, 0x0000000772400000, 0x00000007c0000000)
  eden space 64512K, 6% used [0x000000076d100000,0x000000076d511348,0x0000000771000000)
  from space 10240K, 0% used [0x0000000771a00000,0x0000000771a00000,0x0000000772400000)
  to   space 10240K, 0% used [0x0000000771000000,0x0000000771000000,0x0000000771a00000)
 ParOldGen       total 100864K, used 21864K [0x00000006c7200000, 0x00000006cd480000, 0x000000076d100000)
  object space 100864K, 21% used [0x00000006c7200000,0x00000006c875a3a0,0x00000006cd480000)
 Metaspace       used 20728K, capacity 21600K, committed 21760K, reserved 1069056K
  class space    used 2806K, capacity 3023K, committed 3072K, reserved 1048576K
GC Heap History (6 events):
Event: 8.169 GC heap before
{Heap before GC invocations=1 (full 0):
 PSYoungGen      total 74752K, used 64512K [0x000000076d100000, 0x0000000772400000, 0x00000007c0000000)
  eden space 64512K, 100% used [0x000000076d100000,0x0000000771000000,0x0000000771000000)
  from space 10240K, 0% used [0x0000000771a00000,0x0000000771a00000,0x0000000772400000)
  to   space 10240K, 0% used [0x0000000771000000,0x0000000771000000,0x0000000771a00000)
 ParOldGen       total 171008K, used 0K [0x00000006c7200000, 0x00000006d1900000, 0x000000076d100000)
  object space 171008K, 0% used [0x00000006c7200000,0x00000006c7200000,0x00000006d1900000)
 Metaspace       used 19280K, capacity 20024K, committed 20352K, reserved 1067008K
  class space    used 2666K, capacity 2875K, committed 2944K, reserved 1048576K
Event: 8.176 GC heap after
Heap after GC invocations=1 (full 0):
 PSYoungGen      total 74752K, used 10229K [0x000000076d100000, 0x0000000772400000, 0x00000007c0000000)
  eden space 64512K, 0% used [0x000000076d100000,0x000000076d100000,0x0000000771000000)
  from space 10240K, 99% used [0x0000000771000000,0x00000007719fd588,0x0000000771a00000)
  to   space 10240K, 0% used [0x0000000771a00000,0x0000000771a00000,0x0000000772400000)
 ParOldGen       total 171008K, used 961K [0x00000006c7200000, 0x00000006d1900000, 0x000000076d100000)
  object space 171008K, 0% used [0x00000006c7200000,0x00000006c72f0400,0x00000006d1900000)
 Metaspace       used 19280K, capacity 20024K, committed 20352K, reserved 1067008K
  class space    used 2666K, capacity 2875K, committed 2944K, reserved 1048576K
}
Event: 21.305 GC heap before
{Heap before GC invocations=2 (full 0):
 PSYoungGen      total 74752K, used 50429K [0x000000076d100000, 0x0000000772400000, 0x00000007c0000000)
  eden space 64512K, 62% used [0x000000076d100000,0x000000076f842028,0x0000000771000000)
  from space 10240K, 99% used [0x0000000771000000,0x00000007719fd588,0x0000000771a00000)
  to   space 10240K, 0% used [0x0000000771a00000,0x0000000771a00000,0x0000000772400000)
 ParOldGen       total 171008K, used 961K [0x00000006c7200000, 0x00000006d1900000, 0x000000076d100000)
  object space 171008K, 0% used [0x00000006c7200000,0x00000006c72f0400,0x00000006d1900000)
 Metaspace       used 20397K, capacity 21172K, committed 21248K, reserved 1067008K
  class space    used 2775K, capacity 3005K, committed 3072K, reserved 1048576K
Event: 21.318 GC heap after
Heap after GC invocations=2 (full 0):
 PSYoungGen      total 74752K, used 10237K [0x000000076d100000, 0x0000000772400000, 0x00000007c0000000)
  eden space 64512K, 0% used [0x000000076d100000,0x000000076d100000,0x0000000771000000)
  from space 10240K, 99% used [0x0000000771a00000,0x00000007723ff7c8,0x0000000772400000)
  to   space 10240K, 0% used [0x0000000771000000,0x0000000771000000,0x0000000771a00000)
 ParOldGen       total 171008K, used 12544K [0x00000006c7200000, 0x00000006d1900000, 0x000000076d100000)
  object space 171008K, 7% used [0x00000006c7200000,0x00000006c7e40090,0x00000006d1900000)
 Metaspace       used 20397K, capacity 21172K, committed 21248K, reserved 1067008K
  class space    used 2775K, capacity 3005K, committed 3072K, reserved 1048576K
}
Event: 21.318 GC heap before
{Heap before GC invocations=3 (full 1):
 PSYoungGen      total 74752K, used 10237K [0x000000076d100000, 0x0000000772400000, 0x00000007c0000000)
  eden space 64512K, 0% used [0x000000076d100000,0x000000076d100000,0x0000000771000000)
  from space 10240K, 99% used [0x0000000771a00000,0x00000007723ff7c8,0x0000000772400000)
  to   space 10240K, 0% used [0x0000000771000000,0x0000000771000000,0x0000000771a00000)
 ParOldGen       total 171008K, used 12544K [0x00000006c7200000, 0x00000006d1900000, 0x000000076d100000)
  object space 171008K, 7% used [0x00000006c7200000,0x00000006c7e40090,0x00000006d1900000)
 Metaspace       used 20397K, capacity 21172K, committed 21248K, reserved 1067008K
  class space    used 2775K, capacity 3005K, committed 3072K, reserved 1048576K
Event: 21.366 GC heap after
Heap after GC invocations=3 (full 1):
 PSYoungGen      total 74752K, used 0K [0x000000076d100000, 0x0000000772400000, 0x00000007c0000000)
  eden space 64512K, 0% used [0x000000076d100000,0x000000076d100000,0x0000000771000000)
  from space 10240K, 0% used [0x0000000771a00000,0x0000000771a00000,0x0000000772400000)
  to   space 10240K, 0% used [0x0000000771000000,0x0000000771000000,0x0000000771a00000)
 ParOldGen       total 100864K, used 21864K [0x00000006c7200000, 0x00000006cd480000, 0x000000076d100000)
  object space 100864K, 21% used [0x00000006c7200000,0x00000006c875a3a0,0x00000006cd480000)
 Metaspace       used 20397K, capacity 21172K, committed 21248K, reserved 1067008K
  class space    used 2775K, capacity 3005K, committed 3072K, reserved 1048576K
}

